<?xml version="1.0" encoding="UTF-8"?>
<testng-results skipped="0" failed="0" ignored="0" total="1" passed="1">
  <reporter-output>
    <line>
      <![CDATA[TC Work Order 39503051 was successfully created.]]>
    </line>
  </reporter-output>
  <suite name="Suite" duration-ms="258053" started-at="2020-04-21T20:18:54 IST" finished-at="2020-04-21T20:23:12 IST">
    <groups>
    </groups>
    <test name="Test" duration-ms="258053" started-at="2020-04-21T20:18:54 IST" finished-at="2020-04-21T20:23:12 IST">
      <class name="com.inav.test.CreateTroublecall">
        <test-method status="PASS" signature="precondition()[pri:0, instance:com.inav.test.CreateTroublecall@cd2dae5]" name="precondition" is-config="true" duration-ms="6034" started-at="2020-04-21T20:18:54 IST" finished-at="2020-04-21T20:19:00 IST">
          <reporter-output>
          </reporter-output>
        </test-method> <!-- precondition -->
        <test-method status="PASS" signature="verifyCreateTrouble()[pri:0, instance:com.inav.test.CreateTroublecall@cd2dae5]" name="verifyCreateTrouble" duration-ms="251966" started-at="2020-04-21T20:19:00 IST" finished-at="2020-04-21T20:23:12 IST">
          <reporter-output>
            <line>
              <![CDATA[TC Work Order 39503051 was successfully created.]]>
            </line>
          </reporter-output>
        </test-method> <!-- verifyCreateTrouble -->
      </class> <!-- com.inav.test.CreateTroublecall -->
    </test> <!-- Test -->
  </suite> <!-- Suite -->
</testng-results>
